32237 78790
5988 8929
30599 30783
41583 49156
3849 10339
49659 60064
4390 5243
9960 24413
373 3767
266 26829
3986 8589
90377 166270
42401 53940
51699 53204
6662 74549
2648 25981
1277 33506
26921 96413
28888 34641
2239 10696
42310 87349
15971 23805
19690 25977
9250 41467
5413 29564
221 5842
60302 71527
19301 20749
31487 37933
21608 33737
9157 47415
4051 5853
9248 93023
32771 34833
12860 24093
3319 12648
8837 21065
6847 43439
17001 34994
16570 17133
4488 16147
29483 46194
9068 25951
2587 10476
5538 13957
19243 19895
8444 13259
1787 16835
16338 17323
121783 138476
10475 51362
9187 12909
3260 39767
1252 94079
1938 15859
16521 45452
7065 10801
8601 13984
20114 63917
558 5473
5933 33146
2078 7829
4228 14815
25001 40449
4521 21155
1289 58921
369 4399
7035 22216
27289 28630
8839 19245
12646 31143
17907 19934
15571 109607
7753 25859
1 7
1 9
1 9
1 9
1 9
1 9
1 9
1 9
1 9
2 13
3 26
29 260
282 2537
2814 25325
28130 253169
281295 2531654
2812940 25316459
1 5
2 17
10 89
90 809
890 8009
8890 80009
88890 800009
888890 8000009
8888890 80000009
1 4
1 8
9 80
86 773
859 7730
8581 77228
85801 772208
858001 7722008
1 3
3 10
3 10
3 10
3 10
3 10
3 10
3 10
