BBBBBB
BSSSSS
BBBSSS
BBBBBS
SSSSSS

6 8
*****AAA
A*A**P*P
*******P
****A***
*P*P****
**P**P**

10 10
**********
*AAAPPAAA*
*APAAAAPA*
**********
*P*P*A****
**P*P*****
***P******
**********
**********
*********P

5 16
************A***
*A**************
*****A*******A**
*****P********A*
****************

6 13
*A*****A*****
********P*A*A
**A**A*****A*
P*******A****
*P**A*****P*A
**P***P**P***

6 6
******
*A****
**A***
****A*
***A**
******

6 10
*S*******S
**********
**********
**S*******
*******S**
********S*

SSSSSSSSSSSSSSSSSS
BSSBSSSSBSBBBBSBBS
BBBBBBBBBBBBBBBBBB
